<?xml version="1.0" encoding="UTF-8"?>
<!-- Generated by org.testng.reporters.JUnitReportReporter -->
<testsuite hostname="DESKTOP-25552JB" failures="0" tests="3" name="Testngproject.Thirdtestcase" time="0.017" errors="0" timestamp="2024-01-09T22:26:16 IST" skipped="0">
  <testcase classname="Testngproject.Thirdtestcase" name="test2" time="0.011"/>
  <testcase classname="Testngproject.Thirdtestcase" name="test3" time="0.003"/>
  <testcase classname="Testngproject.Thirdtestcase" name="test1" time="0.003"/>
</testsuite> <!-- Testngproject.Thirdtestcase -->
