<?xml version="1.0" encoding="UTF-8"?>
<!-- Generated by org.testng.reporters.JUnitReportReporter -->
<testsuite hostname="DESKTOP-25552JB" failures="0" tests="3" name="Testngproject.Urbantestnglogin" time="14.103" errors="0" timestamp="2024-01-10T19:08:26 IST" skipped="0">
  <testcase classname="Testngproject.Urbantestnglogin" name="openapplication" time="7.716"/>
  <testcase classname="Testngproject.Urbantestnglogin" name="login" time="3.569"/>
  <testcase classname="Testngproject.Urbantestnglogin" name="logout" time="2.818"/>
</testsuite> <!-- Testngproject.Urbantestnglogin -->
