<?xml version="1.0" encoding="UTF-8"?>
<!-- Generated by org.testng.reporters.JUnitReportReporter -->
<testsuite hostname="DESKTOP-25552JB" failures="0" tests="3" name="Testngproject.FirstTest" time="0.041" errors="0" timestamp="2024-01-09T16:08:44 IST" skipped="0">
  <testcase classname="Testngproject.FirstTest" name="test1" time="0.019"/>
  <testcase classname="Testngproject.FirstTest" name="test3" time="0.009"/>
  <testcase classname="Testngproject.FirstTest" name="test2" time="0.013"/>
</testsuite> <!-- Testngproject.FirstTest -->
