<?xml version="1.0" encoding="UTF-8"?>
<!-- Generated by org.testng.reporters.JUnitReportReporter -->
<testsuite hostname="DESKTOP-25552JB" failures="0" tests="2" name="PAGEOBJECTMODEL.LoginTest" time="3.158" errors="0" timestamp="2024-01-25T06:56:47 IST" skipped="0">
  <testcase classname="PAGEOBJECTMODEL.LoginTest" name="testlogo" time="0.326"/>
  <testcase classname="PAGEOBJECTMODEL.LoginTest" name="login" time="2.832"/>
</testsuite> <!-- PAGEOBJECTMODEL.LoginTest -->
