<?xml version="1.0" encoding="UTF-8"?>
<!-- Generated by org.testng.reporters.JUnitReportReporter -->
<testsuite hostname="DESKTOP-25552JB" failures="0" tests="2" name="BeforeAfterTestMethod.Day35class2" time="0.013" errors="0" timestamp="2024-01-10T20:41:26 IST" skipped="0">
  <testcase classname="BeforeAfterTestMethod.Day35class2" name="login" time="0.011"/>
  <testcase classname="BeforeAfterTestMethod.Day35class2" name="login" time="0.002"/>
</testsuite> <!-- BeforeAfterTestMethod.Day35class2 -->
