<?xml version="1.0" encoding="UTF-8"?>
<!-- Generated by org.testng.reporters.JUnitReportReporter -->
<testsuite hostname="DESKTOP-25552JB" failures="0" tests="3" name="Groupingmethod.Groupbygroup" time="0.056" errors="0" timestamp="2024-01-16T02:20:15 IST" skipped="0">
  <testcase classname="Groupingmethod.Groupbygroup" name="loginbyfacebook" time="0.038"/>
  <testcase classname="Groupingmethod.Groupbygroup" name="loginbytwitter" time="0.005"/>
  <testcase classname="Groupingmethod.Groupbygroup" name="payemnetindollar" time="0.013"/>
</testsuite> <!-- Groupingmethod.Groupbygroup -->
