<?xml version="1.0" encoding="UTF-8"?>
<!-- Generated by org.testng.reporters.JUnitReportReporter -->
<testsuite hostname="DESKTOP-25552JB" failures="0" tests="2" name="Day35.Day35class2" time="0.015" errors="0" timestamp="2024-01-10T20:27:01 IST" skipped="0">
  <testcase classname="Day35.Day35class2" name="login" time="0.013"/>
  <testcase classname="Day35.Day35class2" name="login" time="0.002"/>
</testsuite> <!-- Day35.Day35class2 -->
