<?xml version="1.0" encoding="UTF-8"?>
<!-- Generated by org.testng.reporters.JUnitReportReporter -->
<testsuite hostname="DESKTOP-25552JB" failures="0" tests="2" name="Testngproject.BeforeAfterclassmethod" time="0.037" errors="0" timestamp="2024-01-10T19:51:41 IST" skipped="0">
  <testcase classname="Testngproject.BeforeAfterclassmethod" name="search" time="0.032"/>
  <testcase classname="Testngproject.BeforeAfterclassmethod" name="Advancedsearch" time="0.005"/>
</testsuite> <!-- Testngproject.BeforeAfterclassmethod -->
