<?xml version="1.0" encoding="UTF-8"?>
<!-- Generated by org.testng.reporters.JUnitReportReporter -->
<testsuite hostname="DESKTOP-25552JB" failures="0" tests="2" name="BeforeAfterTestMethod.Allanotations" time="0.046" errors="0" timestamp="2024-01-10T20:58:46 IST" skipped="0">
  <testcase classname="BeforeAfterTestMethod.Allanotations" name="test1" time="0.032"/>
  <testcase classname="BeforeAfterTestMethod.Allanotations" name="test2" time="0.014"/>
</testsuite> <!-- BeforeAfterTestMethod.Allanotations -->
