<?xml version="1.0" encoding="UTF-8"?>
<!-- Generated by org.testng.reporters.JUnitReportReporter -->
<testsuite hostname="DESKTOP-25552JB" failures="0" tests="2" name="Testngproject.BeforeAfterClass" time="0.029" errors="0" timestamp="2024-01-10T20:01:37 IST" skipped="0">
  <testcase classname="Testngproject.BeforeAfterClass" name="search" time="0.016"/>
  <testcase classname="Testngproject.BeforeAfterClass" name="Advancedsearch" time="0.013"/>
</testsuite> <!-- Testngproject.BeforeAfterClass -->
